CRITICAL - 2023-10-06 00:37:27 --> count(): Parameter must be an array or an object that implements Countable
#0 C:\xampp\htdocs\koperasi_simpan_pinjam\app\Views\dashboard.php(12): CodeIgniter\Debug\Exceptions->errorHandler(2, 'count(): Parame...', 'C:\\xampp\\htdocs...', 12, Array)
#1 C:\xampp\htdocs\koperasi_simpan_pinjam\system\View\View.php(210): include('C:\\xampp\\htdocs...')
#2 C:\xampp\htdocs\koperasi_simpan_pinjam\system\View\View.php(213): CodeIgniter\View\View->CodeIgniter\View\{closure}()
#3 C:\xampp\htdocs\koperasi_simpan_pinjam\system\Common.php(1089): CodeIgniter\View\View->render('dashboard', Array, true)
#4 C:\xampp\htdocs\koperasi_simpan_pinjam\app\Controllers\Home.php(188): view('dashboard')
#5 C:\xampp\htdocs\koperasi_simpan_pinjam\system\CodeIgniter.php(832): App\Controllers\Home->dashboard()
#6 C:\xampp\htdocs\koperasi_simpan_pinjam\system\CodeIgniter.php(419): CodeIgniter\CodeIgniter->runController(Object(App\Controllers\Home))
#7 C:\xampp\htdocs\koperasi_simpan_pinjam\system\CodeIgniter.php(326): CodeIgniter\CodeIgniter->handleRequest(NULL, Object(Config\Cache), false)
#8 C:\xampp\htdocs\koperasi_simpan_pinjam\public\index.php(37): CodeIgniter\CodeIgniter->run()
#9 C:\xampp\htdocs\koperasi_simpan_pinjam\system\Commands\Server\rewrite.php(43): require_once('C:\\xampp\\htdocs...')
#10 {main}
CRITICAL - 2023-10-06 00:43:33 --> Invalid argument supplied for foreach()
#0 C:\xampp\htdocs\koperasi_simpan_pinjam\app\Views\dashboard.php(15): CodeIgniter\Debug\Exceptions->errorHandler(2, 'Invalid argumen...', 'C:\\xampp\\htdocs...', 15, Array)
#1 C:\xampp\htdocs\koperasi_simpan_pinjam\system\View\View.php(210): include('C:\\xampp\\htdocs...')
#2 C:\xampp\htdocs\koperasi_simpan_pinjam\system\View\View.php(213): CodeIgniter\View\View->CodeIgniter\View\{closure}()
#3 C:\xampp\htdocs\koperasi_simpan_pinjam\system\Common.php(1089): CodeIgniter\View\View->render('dashboard', Array, true)
#4 C:\xampp\htdocs\koperasi_simpan_pinjam\app\Controllers\Home.php(191): view('dashboard')
#5 C:\xampp\htdocs\koperasi_simpan_pinjam\system\CodeIgniter.php(832): App\Controllers\Home->dashboard()
#6 C:\xampp\htdocs\koperasi_simpan_pinjam\system\CodeIgniter.php(419): CodeIgniter\CodeIgniter->runController(Object(App\Controllers\Home))
#7 C:\xampp\htdocs\koperasi_simpan_pinjam\system\CodeIgniter.php(326): CodeIgniter\CodeIgniter->handleRequest(NULL, Object(Config\Cache), false)
#8 C:\xampp\htdocs\koperasi_simpan_pinjam\public\index.php(37): CodeIgniter\CodeIgniter->run()
#9 C:\xampp\htdocs\koperasi_simpan_pinjam\system\Commands\Server\rewrite.php(43): require_once('C:\\xampp\\htdocs...')
#10 {main}
ERROR - 2023-10-06 00:55:50 --> Table 'koperasi_simpan_pinjam.nominal_simpanan' doesn't exist
CRITICAL - 2023-10-06 00:55:50 --> Call to a member function getResult() on bool
#0 C:\xampp\htdocs\koperasi_simpan_pinjam\app\Controllers\Home.php(185): App\Models\M_model->tampil('nominal_simpana...')
#1 C:\xampp\htdocs\koperasi_simpan_pinjam\system\CodeIgniter.php(832): App\Controllers\Home->dashboard()
#2 C:\xampp\htdocs\koperasi_simpan_pinjam\system\CodeIgniter.php(419): CodeIgniter\CodeIgniter->runController(Object(App\Controllers\Home))
#3 C:\xampp\htdocs\koperasi_simpan_pinjam\system\CodeIgniter.php(326): CodeIgniter\CodeIgniter->handleRequest(NULL, Object(Config\Cache), false)
#4 C:\xampp\htdocs\koperasi_simpan_pinjam\public\index.php(37): CodeIgniter\CodeIgniter->run()
#5 C:\xampp\htdocs\koperasi_simpan_pinjam\system\Commands\Server\rewrite.php(43): require_once('C:\\xampp\\htdocs...')
#6 {main}
ERROR - 2023-10-06 00:55:53 --> Table 'koperasi_simpan_pinjam.nominal_simpanan' doesn't exist
CRITICAL - 2023-10-06 00:55:53 --> Call to a member function getResult() on bool
#0 C:\xampp\htdocs\koperasi_simpan_pinjam\app\Controllers\Home.php(185): App\Models\M_model->tampil('nominal_simpana...')
#1 C:\xampp\htdocs\koperasi_simpan_pinjam\system\CodeIgniter.php(832): App\Controllers\Home->dashboard()
#2 C:\xampp\htdocs\koperasi_simpan_pinjam\system\CodeIgniter.php(419): CodeIgniter\CodeIgniter->runController(Object(App\Controllers\Home))
#3 C:\xampp\htdocs\koperasi_simpan_pinjam\system\CodeIgniter.php(326): CodeIgniter\CodeIgniter->handleRequest(NULL, Object(Config\Cache), false)
#4 C:\xampp\htdocs\koperasi_simpan_pinjam\public\index.php(37): CodeIgniter\CodeIgniter->run()
#5 C:\xampp\htdocs\koperasi_simpan_pinjam\system\Commands\Server\rewrite.php(43): require_once('C:\\xampp\\htdocs...')
#6 {main}
CRITICAL - 2023-10-06 01:13:06 --> Invalid argument supplied for foreach()
#0 C:\xampp\htdocs\koperasi_simpan_pinjam\app\Views\dashboard.php(16): CodeIgniter\Debug\Exceptions->errorHandler(2, 'Invalid argumen...', 'C:\\xampp\\htdocs...', 16, Array)
#1 C:\xampp\htdocs\koperasi_simpan_pinjam\system\View\View.php(210): include('C:\\xampp\\htdocs...')
#2 C:\xampp\htdocs\koperasi_simpan_pinjam\system\View\View.php(213): CodeIgniter\View\View->CodeIgniter\View\{closure}()
#3 C:\xampp\htdocs\koperasi_simpan_pinjam\system\Common.php(1089): CodeIgniter\View\View->render('dashboard', Array, true)
#4 C:\xampp\htdocs\koperasi_simpan_pinjam\app\Controllers\Home.php(191): view('dashboard')
#5 C:\xampp\htdocs\koperasi_simpan_pinjam\system\CodeIgniter.php(832): App\Controllers\Home->dashboard()
#6 C:\xampp\htdocs\koperasi_simpan_pinjam\system\CodeIgniter.php(419): CodeIgniter\CodeIgniter->runController(Object(App\Controllers\Home))
#7 C:\xampp\htdocs\koperasi_simpan_pinjam\system\CodeIgniter.php(326): CodeIgniter\CodeIgniter->handleRequest(NULL, Object(Config\Cache), false)
#8 C:\xampp\htdocs\koperasi_simpan_pinjam\public\index.php(37): CodeIgniter\CodeIgniter->run()
#9 C:\xampp\htdocs\koperasi_simpan_pinjam\system\Commands\Server\rewrite.php(43): require_once('C:\\xampp\\htdocs...')
#10 {main}
CRITICAL - 2023-10-06 01:13:10 --> Invalid argument supplied for foreach()
#0 C:\xampp\htdocs\koperasi_simpan_pinjam\app\Views\dashboard.php(16): CodeIgniter\Debug\Exceptions->errorHandler(2, 'Invalid argumen...', 'C:\\xampp\\htdocs...', 16, Array)
#1 C:\xampp\htdocs\koperasi_simpan_pinjam\system\View\View.php(210): include('C:\\xampp\\htdocs...')
#2 C:\xampp\htdocs\koperasi_simpan_pinjam\system\View\View.php(213): CodeIgniter\View\View->CodeIgniter\View\{closure}()
#3 C:\xampp\htdocs\koperasi_simpan_pinjam\system\Common.php(1089): CodeIgniter\View\View->render('dashboard', Array, true)
#4 C:\xampp\htdocs\koperasi_simpan_pinjam\app\Controllers\Home.php(191): view('dashboard')
#5 C:\xampp\htdocs\koperasi_simpan_pinjam\system\CodeIgniter.php(832): App\Controllers\Home->dashboard()
#6 C:\xampp\htdocs\koperasi_simpan_pinjam\system\CodeIgniter.php(419): CodeIgniter\CodeIgniter->runController(Object(App\Controllers\Home))
#7 C:\xampp\htdocs\koperasi_simpan_pinjam\system\CodeIgniter.php(326): CodeIgniter\CodeIgniter->handleRequest(NULL, Object(Config\Cache), false)
#8 C:\xampp\htdocs\koperasi_simpan_pinjam\public\index.php(37): CodeIgniter\CodeIgniter->run()
#9 C:\xampp\htdocs\koperasi_simpan_pinjam\system\Commands\Server\rewrite.php(43): require_once('C:\\xampp\\htdocs...')
#10 {main}
CRITICAL - 2023-10-06 01:13:15 --> Invalid argument supplied for foreach()
#0 C:\xampp\htdocs\koperasi_simpan_pinjam\app\Views\dashboard.php(16): CodeIgniter\Debug\Exceptions->errorHandler(2, 'Invalid argumen...', 'C:\\xampp\\htdocs...', 16, Array)
#1 C:\xampp\htdocs\koperasi_simpan_pinjam\system\View\View.php(210): include('C:\\xampp\\htdocs...')
#2 C:\xampp\htdocs\koperasi_simpan_pinjam\system\View\View.php(213): CodeIgniter\View\View->CodeIgniter\View\{closure}()
#3 C:\xampp\htdocs\koperasi_simpan_pinjam\system\Common.php(1089): CodeIgniter\View\View->render('dashboard', Array, true)
#4 C:\xampp\htdocs\koperasi_simpan_pinjam\app\Controllers\Home.php(191): view('dashboard')
#5 C:\xampp\htdocs\koperasi_simpan_pinjam\system\CodeIgniter.php(832): App\Controllers\Home->dashboard()
#6 C:\xampp\htdocs\koperasi_simpan_pinjam\system\CodeIgniter.php(419): CodeIgniter\CodeIgniter->runController(Object(App\Controllers\Home))
#7 C:\xampp\htdocs\koperasi_simpan_pinjam\system\CodeIgniter.php(326): CodeIgniter\CodeIgniter->handleRequest(NULL, Object(Config\Cache), false)
#8 C:\xampp\htdocs\koperasi_simpan_pinjam\public\index.php(37): CodeIgniter\CodeIgniter->run()
#9 C:\xampp\htdocs\koperasi_simpan_pinjam\system\Commands\Server\rewrite.php(43): require_once('C:\\xampp\\htdocs...')
#10 {main}
CRITICAL - 2023-10-06 01:24:41 --> count(): Parameter must be an array or an object that implements Countable
#0 C:\xampp\htdocs\koperasi_simpan_pinjam\app\Views\dashboard.php(12): CodeIgniter\Debug\Exceptions->errorHandler(2, 'count(): Parame...', 'C:\\xampp\\htdocs...', 12, Array)
#1 C:\xampp\htdocs\koperasi_simpan_pinjam\system\View\View.php(210): include('C:\\xampp\\htdocs...')
#2 C:\xampp\htdocs\koperasi_simpan_pinjam\system\View\View.php(213): CodeIgniter\View\View->CodeIgniter\View\{closure}()
#3 C:\xampp\htdocs\koperasi_simpan_pinjam\system\Common.php(1089): CodeIgniter\View\View->render('dashboard', Array, true)
#4 C:\xampp\htdocs\koperasi_simpan_pinjam\app\Controllers\Home.php(198): view('dashboard')
#5 C:\xampp\htdocs\koperasi_simpan_pinjam\system\CodeIgniter.php(832): App\Controllers\Home->dashboard()
#6 C:\xampp\htdocs\koperasi_simpan_pinjam\system\CodeIgniter.php(419): CodeIgniter\CodeIgniter->runController(Object(App\Controllers\Home))
#7 C:\xampp\htdocs\koperasi_simpan_pinjam\system\CodeIgniter.php(326): CodeIgniter\CodeIgniter->handleRequest(NULL, Object(Config\Cache), false)
#8 C:\xampp\htdocs\koperasi_simpan_pinjam\public\index.php(37): CodeIgniter\CodeIgniter->run()
#9 C:\xampp\htdocs\koperasi_simpan_pinjam\system\Commands\Server\rewrite.php(43): require_once('C:\\xampp\\htdocs...')
#10 {main}
CRITICAL - 2023-10-06 01:27:05 --> Too few arguments to function App\Models\M_model::tampil_dashboard(), 1 passed in C:\xampp\htdocs\koperasi_simpan_pinjam\app\Controllers\Home.php on line 197 and exactly 2 expected
#0 C:\xampp\htdocs\koperasi_simpan_pinjam\app\Controllers\Home.php(197): App\Models\M_model->tampil_dashboard('simpanan')
#1 C:\xampp\htdocs\koperasi_simpan_pinjam\system\CodeIgniter.php(832): App\Controllers\Home->dashboard()
#2 C:\xampp\htdocs\koperasi_simpan_pinjam\system\CodeIgniter.php(419): CodeIgniter\CodeIgniter->runController(Object(App\Controllers\Home))
#3 C:\xampp\htdocs\koperasi_simpan_pinjam\system\CodeIgniter.php(326): CodeIgniter\CodeIgniter->handleRequest(NULL, Object(Config\Cache), false)
#4 C:\xampp\htdocs\koperasi_simpan_pinjam\public\index.php(37): CodeIgniter\CodeIgniter->run()
#5 C:\xampp\htdocs\koperasi_simpan_pinjam\system\Commands\Server\rewrite.php(43): require_once('C:\\xampp\\htdocs...')
#6 {main}
ERROR - 2023-10-06 01:27:47 --> You have an error in your SQL syntax; check the manual that corresponds to your MariaDB server version for the right syntax to use near 'IS NULL' at line 3
CRITICAL - 2023-10-06 01:27:47 --> Call to a member function getResult() on bool
#0 C:\xampp\htdocs\koperasi_simpan_pinjam\app\Controllers\Home.php(197): App\Models\M_model->tampil_dashboard('simpanan', Array)
#1 C:\xampp\htdocs\koperasi_simpan_pinjam\system\CodeIgniter.php(832): App\Controllers\Home->dashboard()
#2 C:\xampp\htdocs\koperasi_simpan_pinjam\system\CodeIgniter.php(419): CodeIgniter\CodeIgniter->runController(Object(App\Controllers\Home))
#3 C:\xampp\htdocs\koperasi_simpan_pinjam\system\CodeIgniter.php(326): CodeIgniter\CodeIgniter->handleRequest(NULL, Object(Config\Cache), false)
#4 C:\xampp\htdocs\koperasi_simpan_pinjam\public\index.php(37): CodeIgniter\CodeIgniter->run()
#5 C:\xampp\htdocs\koperasi_simpan_pinjam\system\Commands\Server\rewrite.php(43): require_once('C:\\xampp\\htdocs...')
#6 {main}
ERROR - 2023-10-06 01:27:48 --> You have an error in your SQL syntax; check the manual that corresponds to your MariaDB server version for the right syntax to use near 'IS NULL' at line 3
CRITICAL - 2023-10-06 01:27:48 --> Call to a member function getResult() on bool
#0 C:\xampp\htdocs\koperasi_simpan_pinjam\app\Controllers\Home.php(197): App\Models\M_model->tampil_dashboard('simpanan', Array)
#1 C:\xampp\htdocs\koperasi_simpan_pinjam\system\CodeIgniter.php(832): App\Controllers\Home->dashboard()
#2 C:\xampp\htdocs\koperasi_simpan_pinjam\system\CodeIgniter.php(419): CodeIgniter\CodeIgniter->runController(Object(App\Controllers\Home))
#3 C:\xampp\htdocs\koperasi_simpan_pinjam\system\CodeIgniter.php(326): CodeIgniter\CodeIgniter->handleRequest(NULL, Object(Config\Cache), false)
#4 C:\xampp\htdocs\koperasi_simpan_pinjam\public\index.php(37): CodeIgniter\CodeIgniter->run()
#5 C:\xampp\htdocs\koperasi_simpan_pinjam\system\Commands\Server\rewrite.php(43): require_once('C:\\xampp\\htdocs...')
#6 {main}
ERROR - 2023-10-06 01:29:09 --> Unknown column 'username' in 'where clause'
CRITICAL - 2023-10-06 01:29:09 --> Call to a member function getResult() on bool
#0 C:\xampp\htdocs\koperasi_simpan_pinjam\app\Controllers\Home.php(197): App\Models\M_model->tampil_dashboard('simpanan', Array)
#1 C:\xampp\htdocs\koperasi_simpan_pinjam\system\CodeIgniter.php(832): App\Controllers\Home->dashboard()
#2 C:\xampp\htdocs\koperasi_simpan_pinjam\system\CodeIgniter.php(419): CodeIgniter\CodeIgniter->runController(Object(App\Controllers\Home))
#3 C:\xampp\htdocs\koperasi_simpan_pinjam\system\CodeIgniter.php(326): CodeIgniter\CodeIgniter->handleRequest(NULL, Object(Config\Cache), false)
#4 C:\xampp\htdocs\koperasi_simpan_pinjam\public\index.php(37): CodeIgniter\CodeIgniter->run()
#5 C:\xampp\htdocs\koperasi_simpan_pinjam\system\Commands\Server\rewrite.php(43): require_once('C:\\xampp\\htdocs...')
#6 {main}
CRITICAL - 2023-10-06 01:39:04 --> syntax error, unexpected 'echo' (T_ECHO)
#0 C:\xampp\htdocs\koperasi_simpan_pinjam\system\View\View.php(213): CodeIgniter\View\View->CodeIgniter\View\{closure}()
#1 C:\xampp\htdocs\koperasi_simpan_pinjam\system\Common.php(1089): CodeIgniter\View\View->render('angsuran/tambah...', Array, true)
#2 C:\xampp\htdocs\koperasi_simpan_pinjam\app\Controllers\Home.php(1604): view('angsuran/tambah...')
#3 C:\xampp\htdocs\koperasi_simpan_pinjam\system\CodeIgniter.php(832): App\Controllers\Home->add_installments()
#4 C:\xampp\htdocs\koperasi_simpan_pinjam\system\CodeIgniter.php(419): CodeIgniter\CodeIgniter->runController(Object(App\Controllers\Home))
#5 C:\xampp\htdocs\koperasi_simpan_pinjam\system\CodeIgniter.php(326): CodeIgniter\CodeIgniter->handleRequest(NULL, Object(Config\Cache), false)
#6 C:\xampp\htdocs\koperasi_simpan_pinjam\public\index.php(37): CodeIgniter\CodeIgniter->run()
#7 C:\xampp\htdocs\koperasi_simpan_pinjam\system\Commands\Server\rewrite.php(43): require_once('C:\\xampp\\htdocs...')
#8 {main}
CRITICAL - 2023-10-06 01:43:29 --> syntax error, unexpected '}', expecting end of file
#0 C:\xampp\htdocs\koperasi_simpan_pinjam\system\View\View.php(213): CodeIgniter\View\View->CodeIgniter\View\{closure}()
#1 C:\xampp\htdocs\koperasi_simpan_pinjam\system\Common.php(1089): CodeIgniter\View\View->render('angsuran/tambah...', Array, true)
#2 C:\xampp\htdocs\koperasi_simpan_pinjam\app\Controllers\Home.php(1604): view('angsuran/tambah...')
#3 C:\xampp\htdocs\koperasi_simpan_pinjam\system\CodeIgniter.php(832): App\Controllers\Home->add_installments()
#4 C:\xampp\htdocs\koperasi_simpan_pinjam\system\CodeIgniter.php(419): CodeIgniter\CodeIgniter->runController(Object(App\Controllers\Home))
#5 C:\xampp\htdocs\koperasi_simpan_pinjam\system\CodeIgniter.php(326): CodeIgniter\CodeIgniter->handleRequest(NULL, Object(Config\Cache), false)
#6 C:\xampp\htdocs\koperasi_simpan_pinjam\public\index.php(37): CodeIgniter\CodeIgniter->run()
#7 C:\xampp\htdocs\koperasi_simpan_pinjam\system\Commands\Server\rewrite.php(43): require_once('C:\\xampp\\htdocs...')
#8 {main}
CRITICAL - 2023-10-06 04:36:24 --> Cannot redeclare App\Controllers\Home::loan_report()
#0 [internal function]: CodeIgniter\Debug\Exceptions->shutdownHandler()
#1 {main}
CRITICAL - 2023-10-06 04:37:07 --> Cannot redeclare App\Controllers\Home::pdf_loan()
#0 [internal function]: CodeIgniter\Debug\Exceptions->shutdownHandler()
#1 {main}
ERROR - 2023-10-06 04:54:01 --> Unknown column 'angsuran.pinjaman_laporan' in 'where clause'
CRITICAL - 2023-10-06 04:54:01 --> Call to a member function getResult() on bool
#0 C:\xampp\htdocs\koperasi_simpan_pinjam\app\Controllers\Home.php(2141): App\Models\M_model->filter_loan('angsuran', '2023-10-06', '2023-10-06')
#1 C:\xampp\htdocs\koperasi_simpan_pinjam\system\CodeIgniter.php(832): App\Controllers\Home->cari_installments()
#2 C:\xampp\htdocs\koperasi_simpan_pinjam\system\CodeIgniter.php(419): CodeIgniter\CodeIgniter->runController(Object(App\Controllers\Home))
#3 C:\xampp\htdocs\koperasi_simpan_pinjam\system\CodeIgniter.php(326): CodeIgniter\CodeIgniter->handleRequest(NULL, Object(Config\Cache), false)
#4 C:\xampp\htdocs\koperasi_simpan_pinjam\public\index.php(37): CodeIgniter\CodeIgniter->run()
#5 C:\xampp\htdocs\koperasi_simpan_pinjam\system\Commands\Server\rewrite.php(43): require_once('C:\\xampp\\htdocs...')
#6 {main}
CRITICAL - 2023-10-06 05:07:52 --> Too few arguments to function App\Models\M_model::superLikeLog(), 6 passed in C:\xampp\htdocs\koperasi_simpan_pinjam\app\Controllers\Home.php on line 1864 and exactly 7 expected
#0 C:\xampp\htdocs\koperasi_simpan_pinjam\app\Controllers\Home.php(1864): App\Models\M_model->superLikeLog('log_activity', 'user', 'log_activity.id...', 'log_activity.ac...', 'log_activity.wa...', 'Displays Saving...')
#1 C:\xampp\htdocs\koperasi_simpan_pinjam\system\CodeIgniter.php(832): App\Controllers\Home->log_search()
#2 C:\xampp\htdocs\koperasi_simpan_pinjam\system\CodeIgniter.php(419): CodeIgniter\CodeIgniter->runController(Object(App\Controllers\Home))
#3 C:\xampp\htdocs\koperasi_simpan_pinjam\system\CodeIgniter.php(326): CodeIgniter\CodeIgniter->handleRequest(NULL, Object(Config\Cache), false)
#4 C:\xampp\htdocs\koperasi_simpan_pinjam\public\index.php(37): CodeIgniter\CodeIgniter->run()
#5 C:\xampp\htdocs\koperasi_simpan_pinjam\system\Commands\Server\rewrite.php(43): require_once('C:\\xampp\\htdocs...')
#6 {main}
CRITICAL - 2023-10-06 06:46:15 --> Call to undefined function getUserId()
#0 C:\xampp\htdocs\koperasi_simpan_pinjam\system\View\View.php(210): include()
#1 C:\xampp\htdocs\koperasi_simpan_pinjam\system\View\View.php(213): CodeIgniter\View\View->CodeIgniter\View\{closure}()
#2 C:\xampp\htdocs\koperasi_simpan_pinjam\system\Common.php(1089): CodeIgniter\View\View->render('angsuran/tambah...', Array, true)
#3 C:\xampp\htdocs\koperasi_simpan_pinjam\app\Controllers\Home.php(1604): view('angsuran/tambah...')
#4 C:\xampp\htdocs\koperasi_simpan_pinjam\system\CodeIgniter.php(832): App\Controllers\Home->add_installments()
#5 C:\xampp\htdocs\koperasi_simpan_pinjam\system\CodeIgniter.php(419): CodeIgniter\CodeIgniter->runController(Object(App\Controllers\Home))
#6 C:\xampp\htdocs\koperasi_simpan_pinjam\system\CodeIgniter.php(326): CodeIgniter\CodeIgniter->handleRequest(NULL, Object(Config\Cache), false)
#7 C:\xampp\htdocs\koperasi_simpan_pinjam\public\index.php(37): CodeIgniter\CodeIgniter->run()
#8 C:\xampp\htdocs\koperasi_simpan_pinjam\system\Commands\Server\rewrite.php(43): require_once('C:\\xampp\\htdocs...')
#9 {main}
CRITICAL - 2023-10-06 06:46:57 --> Call to undefined function getUserId()
#0 C:\xampp\htdocs\koperasi_simpan_pinjam\system\View\View.php(210): include()
#1 C:\xampp\htdocs\koperasi_simpan_pinjam\system\View\View.php(213): CodeIgniter\View\View->CodeIgniter\View\{closure}()
#2 C:\xampp\htdocs\koperasi_simpan_pinjam\system\Common.php(1089): CodeIgniter\View\View->render('angsuran/tambah...', Array, true)
#3 C:\xampp\htdocs\koperasi_simpan_pinjam\app\Controllers\Home.php(1604): view('angsuran/tambah...')
#4 C:\xampp\htdocs\koperasi_simpan_pinjam\system\CodeIgniter.php(832): App\Controllers\Home->add_installments()
#5 C:\xampp\htdocs\koperasi_simpan_pinjam\system\CodeIgniter.php(419): CodeIgniter\CodeIgniter->runController(Object(App\Controllers\Home))
#6 C:\xampp\htdocs\koperasi_simpan_pinjam\system\CodeIgniter.php(326): CodeIgniter\CodeIgniter->handleRequest(NULL, Object(Config\Cache), false)
#7 C:\xampp\htdocs\koperasi_simpan_pinjam\public\index.php(37): CodeIgniter\CodeIgniter->run()
#8 C:\xampp\htdocs\koperasi_simpan_pinjam\system\Commands\Server\rewrite.php(43): require_once('C:\\xampp\\htdocs...')
#9 {main}
CRITICAL - 2023-10-06 06:47:11 --> Call to undefined function getUserId()
#0 C:\xampp\htdocs\koperasi_simpan_pinjam\system\View\View.php(210): include()
#1 C:\xampp\htdocs\koperasi_simpan_pinjam\system\View\View.php(213): CodeIgniter\View\View->CodeIgniter\View\{closure}()
#2 C:\xampp\htdocs\koperasi_simpan_pinjam\system\Common.php(1089): CodeIgniter\View\View->render('angsuran/tambah...', Array, true)
#3 C:\xampp\htdocs\koperasi_simpan_pinjam\app\Controllers\Home.php(1604): view('angsuran/tambah...')
#4 C:\xampp\htdocs\koperasi_simpan_pinjam\system\CodeIgniter.php(832): App\Controllers\Home->add_installments()
#5 C:\xampp\htdocs\koperasi_simpan_pinjam\system\CodeIgniter.php(419): CodeIgniter\CodeIgniter->runController(Object(App\Controllers\Home))
#6 C:\xampp\htdocs\koperasi_simpan_pinjam\system\CodeIgniter.php(326): CodeIgniter\CodeIgniter->handleRequest(NULL, Object(Config\Cache), false)
#7 C:\xampp\htdocs\koperasi_simpan_pinjam\public\index.php(37): CodeIgniter\CodeIgniter->run()
#8 C:\xampp\htdocs\koperasi_simpan_pinjam\system\Commands\Server\rewrite.php(43): require_once('C:\\xampp\\htdocs...')
#9 {main}
CRITICAL - 2023-10-06 06:49:42 --> Call to undefined function getUserId()
#0 C:\xampp\htdocs\koperasi_simpan_pinjam\system\View\View.php(210): include()
#1 C:\xampp\htdocs\koperasi_simpan_pinjam\system\View\View.php(213): CodeIgniter\View\View->CodeIgniter\View\{closure}()
#2 C:\xampp\htdocs\koperasi_simpan_pinjam\system\Common.php(1089): CodeIgniter\View\View->render('angsuran/tambah...', Array, true)
#3 C:\xampp\htdocs\koperasi_simpan_pinjam\app\Controllers\Home.php(1604): view('angsuran/tambah...')
#4 C:\xampp\htdocs\koperasi_simpan_pinjam\system\CodeIgniter.php(832): App\Controllers\Home->add_installments()
#5 C:\xampp\htdocs\koperasi_simpan_pinjam\system\CodeIgniter.php(419): CodeIgniter\CodeIgniter->runController(Object(App\Controllers\Home))
#6 C:\xampp\htdocs\koperasi_simpan_pinjam\system\CodeIgniter.php(326): CodeIgniter\CodeIgniter->handleRequest(NULL, Object(Config\Cache), false)
#7 C:\xampp\htdocs\koperasi_simpan_pinjam\public\index.php(37): CodeIgniter\CodeIgniter->run()
#8 C:\xampp\htdocs\koperasi_simpan_pinjam\system\Commands\Server\rewrite.php(43): require_once('C:\\xampp\\htdocs...')
#9 {main}
CRITICAL - 2023-10-06 06:49:51 --> Call to undefined function getUserId()
#0 C:\xampp\htdocs\koperasi_simpan_pinjam\system\View\View.php(210): include()
#1 C:\xampp\htdocs\koperasi_simpan_pinjam\system\View\View.php(213): CodeIgniter\View\View->CodeIgniter\View\{closure}()
#2 C:\xampp\htdocs\koperasi_simpan_pinjam\system\Common.php(1089): CodeIgniter\View\View->render('angsuran/tambah...', Array, true)
#3 C:\xampp\htdocs\koperasi_simpan_pinjam\app\Controllers\Home.php(1604): view('angsuran/tambah...')
#4 C:\xampp\htdocs\koperasi_simpan_pinjam\system\CodeIgniter.php(832): App\Controllers\Home->add_installments()
#5 C:\xampp\htdocs\koperasi_simpan_pinjam\system\CodeIgniter.php(419): CodeIgniter\CodeIgniter->runController(Object(App\Controllers\Home))
#6 C:\xampp\htdocs\koperasi_simpan_pinjam\system\CodeIgniter.php(326): CodeIgniter\CodeIgniter->handleRequest(NULL, Object(Config\Cache), false)
#7 C:\xampp\htdocs\koperasi_simpan_pinjam\public\index.php(37): CodeIgniter\CodeIgniter->run()
#8 C:\xampp\htdocs\koperasi_simpan_pinjam\system\Commands\Server\rewrite.php(43): require_once('C:\\xampp\\htdocs...')
#9 {main}
ERROR - 2023-10-06 07:26:43 --> Unknown column 'username' in 'where clause'
CRITICAL - 2023-10-06 07:26:43 --> Call to a member function getResult() on bool
#0 C:\xampp\htdocs\koperasi_simpan_pinjam\app\Controllers\Home.php(1600): App\Models\M_model->tampil_test('pinjaman', Array)
#1 C:\xampp\htdocs\koperasi_simpan_pinjam\system\CodeIgniter.php(832): App\Controllers\Home->add_installments()
#2 C:\xampp\htdocs\koperasi_simpan_pinjam\system\CodeIgniter.php(419): CodeIgniter\CodeIgniter->runController(Object(App\Controllers\Home))
#3 C:\xampp\htdocs\koperasi_simpan_pinjam\system\CodeIgniter.php(326): CodeIgniter\CodeIgniter->handleRequest(NULL, Object(Config\Cache), false)
#4 C:\xampp\htdocs\koperasi_simpan_pinjam\public\index.php(37): CodeIgniter\CodeIgniter->run()
#5 C:\xampp\htdocs\koperasi_simpan_pinjam\system\Commands\Server\rewrite.php(43): require_once('C:\\xampp\\htdocs...')
#6 {main}
ERROR - 2023-10-06 07:28:17 --> Unknown column 'username' in 'where clause'
CRITICAL - 2023-10-06 07:28:17 --> Call to a member function getResult() on bool
#0 C:\xampp\htdocs\koperasi_simpan_pinjam\app\Controllers\Home.php(1600): App\Models\M_model->tampil_test('pinjaman', Array)
#1 C:\xampp\htdocs\koperasi_simpan_pinjam\system\CodeIgniter.php(832): App\Controllers\Home->add_installments()
#2 C:\xampp\htdocs\koperasi_simpan_pinjam\system\CodeIgniter.php(419): CodeIgniter\CodeIgniter->runController(Object(App\Controllers\Home))
#3 C:\xampp\htdocs\koperasi_simpan_pinjam\system\CodeIgniter.php(326): CodeIgniter\CodeIgniter->handleRequest(NULL, Object(Config\Cache), false)
#4 C:\xampp\htdocs\koperasi_simpan_pinjam\public\index.php(37): CodeIgniter\CodeIgniter->run()
#5 C:\xampp\htdocs\koperasi_simpan_pinjam\system\Commands\Server\rewrite.php(43): require_once('C:\\xampp\\htdocs...')
#6 {main}
CRITICAL - 2023-10-06 07:29:29 --> syntax error, unexpected '=>' (T_DOUBLE_ARROW)
#0 C:\xampp\htdocs\koperasi_simpan_pinjam\system\View\View.php(213): CodeIgniter\View\View->CodeIgniter\View\{closure}()
#1 C:\xampp\htdocs\koperasi_simpan_pinjam\system\Common.php(1089): CodeIgniter\View\View->render('angsuran/tambah...', Array, true)
#2 C:\xampp\htdocs\koperasi_simpan_pinjam\app\Controllers\Home.php(1604): view('angsuran/tambah...')
#3 C:\xampp\htdocs\koperasi_simpan_pinjam\system\CodeIgniter.php(832): App\Controllers\Home->add_installments()
#4 C:\xampp\htdocs\koperasi_simpan_pinjam\system\CodeIgniter.php(419): CodeIgniter\CodeIgniter->runController(Object(App\Controllers\Home))
#5 C:\xampp\htdocs\koperasi_simpan_pinjam\system\CodeIgniter.php(326): CodeIgniter\CodeIgniter->handleRequest(NULL, Object(Config\Cache), false)
#6 C:\xampp\htdocs\koperasi_simpan_pinjam\public\index.php(37): CodeIgniter\CodeIgniter->run()
#7 C:\xampp\htdocs\koperasi_simpan_pinjam\system\Commands\Server\rewrite.php(43): require_once('C:\\xampp\\htdocs...')
#8 {main}
