CRITICAL - 2023-10-03 06:29:36 --> Invalid file: users/petugas_koperasi/add_petugas_koperasi.php
#0 C:\xampp\htdocs\koperasi_simpan_pinjam\system\View\View.php(198): CodeIgniter\Exceptions\FrameworkException::forInvalidFile('users/petugas_k...')
#1 C:\xampp\htdocs\koperasi_simpan_pinjam\system\Common.php(1089): CodeIgniter\View\View->render('users/petugas_k...', Array, true)
#2 C:\xampp\htdocs\koperasi_simpan_pinjam\app\Controllers\Home.php(52): view('users/petugas_k...')
#3 C:\xampp\htdocs\koperasi_simpan_pinjam\system\CodeIgniter.php(832): App\Controllers\Home->add_cooperative_officer()
#4 C:\xampp\htdocs\koperasi_simpan_pinjam\system\CodeIgniter.php(419): CodeIgniter\CodeIgniter->runController(Object(App\Controllers\Home))
#5 C:\xampp\htdocs\koperasi_simpan_pinjam\system\CodeIgniter.php(326): CodeIgniter\CodeIgniter->handleRequest(NULL, Object(Config\Cache), false)
#6 C:\xampp\htdocs\koperasi_simpan_pinjam\public\index.php(37): CodeIgniter\CodeIgniter->run()
#7 C:\xampp\htdocs\koperasi_simpan_pinjam\system\Commands\Server\rewrite.php(43): require_once('C:\\xampp\\htdocs...')
#8 {main}
CRITICAL - 2023-10-03 06:29:50 --> Invalid file: users/petugas_koperasi/add_petugas_koperasi.php
#0 C:\xampp\htdocs\koperasi_simpan_pinjam\system\View\View.php(198): CodeIgniter\Exceptions\FrameworkException::forInvalidFile('users/petugas_k...')
#1 C:\xampp\htdocs\koperasi_simpan_pinjam\system\Common.php(1089): CodeIgniter\View\View->render('users/petugas_k...', Array, true)
#2 C:\xampp\htdocs\koperasi_simpan_pinjam\app\Controllers\Home.php(52): view('users/petugas_k...')
#3 C:\xampp\htdocs\koperasi_simpan_pinjam\system\CodeIgniter.php(832): App\Controllers\Home->add_cooperative_officer()
#4 C:\xampp\htdocs\koperasi_simpan_pinjam\system\CodeIgniter.php(419): CodeIgniter\CodeIgniter->runController(Object(App\Controllers\Home))
#5 C:\xampp\htdocs\koperasi_simpan_pinjam\system\CodeIgniter.php(326): CodeIgniter\CodeIgniter->handleRequest(NULL, Object(Config\Cache), false)
#6 C:\xampp\htdocs\koperasi_simpan_pinjam\public\index.php(37): CodeIgniter\CodeIgniter->run()
#7 C:\xampp\htdocs\koperasi_simpan_pinjam\system\Commands\Server\rewrite.php(43): require_once('C:\\xampp\\htdocs...')
#8 {main}
CRITICAL - 2023-10-03 06:29:51 --> Invalid file: users/petugas_koperasi/add_petugas_koperasi.php
#0 C:\xampp\htdocs\koperasi_simpan_pinjam\system\View\View.php(198): CodeIgniter\Exceptions\FrameworkException::forInvalidFile('users/petugas_k...')
#1 C:\xampp\htdocs\koperasi_simpan_pinjam\system\Common.php(1089): CodeIgniter\View\View->render('users/petugas_k...', Array, true)
#2 C:\xampp\htdocs\koperasi_simpan_pinjam\app\Controllers\Home.php(52): view('users/petugas_k...')
#3 C:\xampp\htdocs\koperasi_simpan_pinjam\system\CodeIgniter.php(832): App\Controllers\Home->add_cooperative_officer()
#4 C:\xampp\htdocs\koperasi_simpan_pinjam\system\CodeIgniter.php(419): CodeIgniter\CodeIgniter->runController(Object(App\Controllers\Home))
#5 C:\xampp\htdocs\koperasi_simpan_pinjam\system\CodeIgniter.php(326): CodeIgniter\CodeIgniter->handleRequest(NULL, Object(Config\Cache), false)
#6 C:\xampp\htdocs\koperasi_simpan_pinjam\public\index.php(37): CodeIgniter\CodeIgniter->run()
#7 C:\xampp\htdocs\koperasi_simpan_pinjam\system\Commands\Server\rewrite.php(43): require_once('C:\\xampp\\htdocs...')
#8 {main}
ERROR - 2023-10-03 06:52:39 --> Duplicate entry 'admin' for key 'USERNAME'
ERROR - 2023-10-03 06:52:52 --> Duplicate entry 'admin' for key 'USERNAME'
CRITICAL - 2023-10-03 07:47:48 --> Invalid file: users/member/tambah_member.php
#0 C:\xampp\htdocs\koperasi_simpan_pinjam\system\View\View.php(198): CodeIgniter\Exceptions\FrameworkException::forInvalidFile('users/member/ta...')
#1 C:\xampp\htdocs\koperasi_simpan_pinjam\system\Common.php(1089): CodeIgniter\View\View->render('users/member/ta...', Array, true)
#2 C:\xampp\htdocs\koperasi_simpan_pinjam\app\Controllers\Home.php(235): view('users/member/ta...')
#3 C:\xampp\htdocs\koperasi_simpan_pinjam\system\CodeIgniter.php(832): App\Controllers\Home->add_member()
#4 C:\xampp\htdocs\koperasi_simpan_pinjam\system\CodeIgniter.php(419): CodeIgniter\CodeIgniter->runController(Object(App\Controllers\Home))
#5 C:\xampp\htdocs\koperasi_simpan_pinjam\system\CodeIgniter.php(326): CodeIgniter\CodeIgniter->handleRequest(NULL, Object(Config\Cache), false)
#6 C:\xampp\htdocs\koperasi_simpan_pinjam\public\index.php(37): CodeIgniter\CodeIgniter->run()
#7 C:\xampp\htdocs\koperasi_simpan_pinjam\system\Commands\Server\rewrite.php(43): require_once('C:\\xampp\\htdocs...')
#8 {main}
CRITICAL - 2023-10-03 07:48:07 --> Invalid file: users/member/tambah_anggota.php
#0 C:\xampp\htdocs\koperasi_simpan_pinjam\system\View\View.php(198): CodeIgniter\Exceptions\FrameworkException::forInvalidFile('users/member/ta...')
#1 C:\xampp\htdocs\koperasi_simpan_pinjam\system\Common.php(1089): CodeIgniter\View\View->render('users/member/ta...', Array, true)
#2 C:\xampp\htdocs\koperasi_simpan_pinjam\app\Controllers\Home.php(235): view('users/member/ta...')
#3 C:\xampp\htdocs\koperasi_simpan_pinjam\system\CodeIgniter.php(832): App\Controllers\Home->add_member()
#4 C:\xampp\htdocs\koperasi_simpan_pinjam\system\CodeIgniter.php(419): CodeIgniter\CodeIgniter->runController(Object(App\Controllers\Home))
#5 C:\xampp\htdocs\koperasi_simpan_pinjam\system\CodeIgniter.php(326): CodeIgniter\CodeIgniter->handleRequest(NULL, Object(Config\Cache), false)
#6 C:\xampp\htdocs\koperasi_simpan_pinjam\public\index.php(37): CodeIgniter\CodeIgniter->run()
#7 C:\xampp\htdocs\koperasi_simpan_pinjam\system\Commands\Server\rewrite.php(43): require_once('C:\\xampp\\htdocs...')
#8 {main}
CRITICAL - 2023-10-03 07:48:13 --> Invalid file: users/member/tambah_anggota.php
#0 C:\xampp\htdocs\koperasi_simpan_pinjam\system\View\View.php(198): CodeIgniter\Exceptions\FrameworkException::forInvalidFile('users/member/ta...')
#1 C:\xampp\htdocs\koperasi_simpan_pinjam\system\Common.php(1089): CodeIgniter\View\View->render('users/member/ta...', Array, true)
#2 C:\xampp\htdocs\koperasi_simpan_pinjam\app\Controllers\Home.php(235): view('users/member/ta...')
#3 C:\xampp\htdocs\koperasi_simpan_pinjam\system\CodeIgniter.php(832): App\Controllers\Home->add_member()
#4 C:\xampp\htdocs\koperasi_simpan_pinjam\system\CodeIgniter.php(419): CodeIgniter\CodeIgniter->runController(Object(App\Controllers\Home))
#5 C:\xampp\htdocs\koperasi_simpan_pinjam\system\CodeIgniter.php(326): CodeIgniter\CodeIgniter->handleRequest(NULL, Object(Config\Cache), false)
#6 C:\xampp\htdocs\koperasi_simpan_pinjam\public\index.php(37): CodeIgniter\CodeIgniter->run()
#7 C:\xampp\htdocs\koperasi_simpan_pinjam\system\Commands\Server\rewrite.php(43): require_once('C:\\xampp\\htdocs...')
#8 {main}
CRITICAL - 2023-10-03 07:48:22 --> Invalid file: users/member/tambah_anggota.php
#0 C:\xampp\htdocs\koperasi_simpan_pinjam\system\View\View.php(198): CodeIgniter\Exceptions\FrameworkException::forInvalidFile('users/member/ta...')
#1 C:\xampp\htdocs\koperasi_simpan_pinjam\system\Common.php(1089): CodeIgniter\View\View->render('users/member/ta...', Array, true)
#2 C:\xampp\htdocs\koperasi_simpan_pinjam\app\Controllers\Home.php(235): view('users/member/ta...')
#3 C:\xampp\htdocs\koperasi_simpan_pinjam\system\CodeIgniter.php(832): App\Controllers\Home->add_member()
#4 C:\xampp\htdocs\koperasi_simpan_pinjam\system\CodeIgniter.php(419): CodeIgniter\CodeIgniter->runController(Object(App\Controllers\Home))
#5 C:\xampp\htdocs\koperasi_simpan_pinjam\system\CodeIgniter.php(326): CodeIgniter\CodeIgniter->handleRequest(NULL, Object(Config\Cache), false)
#6 C:\xampp\htdocs\koperasi_simpan_pinjam\public\index.php(37): CodeIgniter\CodeIgniter->run()
#7 C:\xampp\htdocs\koperasi_simpan_pinjam\system\Commands\Server\rewrite.php(43): require_once('C:\\xampp\\htdocs...')
#8 {main}
CRITICAL - 2023-10-03 08:07:40 --> Invalid file: spp/login.php
#0 C:\xampp\htdocs\koperasi_simpan_pinjam\system\View\View.php(198): CodeIgniter\Exceptions\FrameworkException::forInvalidFile('spp/login.php')
#1 C:\xampp\htdocs\koperasi_simpan_pinjam\system\Common.php(1089): CodeIgniter\View\View->render('spp/login', Array, true)
#2 C:\xampp\htdocs\koperasi_simpan_pinjam\app\Controllers\Home.php(41): view('spp/login')
#3 C:\xampp\htdocs\koperasi_simpan_pinjam\system\CodeIgniter.php(832): App\Controllers\Home->index()
#4 C:\xampp\htdocs\koperasi_simpan_pinjam\system\CodeIgniter.php(419): CodeIgniter\CodeIgniter->runController(Object(App\Controllers\Home))
#5 C:\xampp\htdocs\koperasi_simpan_pinjam\system\CodeIgniter.php(326): CodeIgniter\CodeIgniter->handleRequest(NULL, Object(Config\Cache), false)
#6 C:\xampp\htdocs\koperasi_simpan_pinjam\public\index.php(37): CodeIgniter\CodeIgniter->run()
#7 C:\xampp\htdocs\koperasi_simpan_pinjam\system\Commands\Server\rewrite.php(43): require_once('C:\\xampp\\htdocs...')
#8 {main}
CRITICAL - 2023-10-03 08:09:24 --> Invalid file: spp/login.php
#0 C:\xampp\htdocs\koperasi_simpan_pinjam\system\View\View.php(198): CodeIgniter\Exceptions\FrameworkException::forInvalidFile('spp/login.php')
#1 C:\xampp\htdocs\koperasi_simpan_pinjam\system\Common.php(1089): CodeIgniter\View\View->render('spp/login', Array, true)
#2 C:\xampp\htdocs\koperasi_simpan_pinjam\app\Controllers\Home.php(41): view('spp/login')
#3 C:\xampp\htdocs\koperasi_simpan_pinjam\system\CodeIgniter.php(832): App\Controllers\Home->index()
#4 C:\xampp\htdocs\koperasi_simpan_pinjam\system\CodeIgniter.php(419): CodeIgniter\CodeIgniter->runController(Object(App\Controllers\Home))
#5 C:\xampp\htdocs\koperasi_simpan_pinjam\system\CodeIgniter.php(326): CodeIgniter\CodeIgniter->handleRequest(NULL, Object(Config\Cache), false)
#6 C:\xampp\htdocs\koperasi_simpan_pinjam\public\index.php(37): CodeIgniter\CodeIgniter->run()
#7 C:\xampp\htdocs\koperasi_simpan_pinjam\system\Commands\Server\rewrite.php(43): require_once('C:\\xampp\\htdocs...')
#8 {main}
CRITICAL - 2023-10-03 08:09:25 --> Invalid file: spp/login.php
#0 C:\xampp\htdocs\koperasi_simpan_pinjam\system\View\View.php(198): CodeIgniter\Exceptions\FrameworkException::forInvalidFile('spp/login.php')
#1 C:\xampp\htdocs\koperasi_simpan_pinjam\system\Common.php(1089): CodeIgniter\View\View->render('spp/login', Array, true)
#2 C:\xampp\htdocs\koperasi_simpan_pinjam\app\Controllers\Home.php(41): view('spp/login')
#3 C:\xampp\htdocs\koperasi_simpan_pinjam\system\CodeIgniter.php(832): App\Controllers\Home->index()
#4 C:\xampp\htdocs\koperasi_simpan_pinjam\system\CodeIgniter.php(419): CodeIgniter\CodeIgniter->runController(Object(App\Controllers\Home))
#5 C:\xampp\htdocs\koperasi_simpan_pinjam\system\CodeIgniter.php(326): CodeIgniter\CodeIgniter->handleRequest(NULL, Object(Config\Cache), false)
#6 C:\xampp\htdocs\koperasi_simpan_pinjam\public\index.php(37): CodeIgniter\CodeIgniter->run()
#7 C:\xampp\htdocs\koperasi_simpan_pinjam\system\Commands\Server\rewrite.php(43): require_once('C:\\xampp\\htdocs...')
#8 {main}
CRITICAL - 2023-10-03 08:09:25 --> Invalid file: spp/login.php
#0 C:\xampp\htdocs\koperasi_simpan_pinjam\system\View\View.php(198): CodeIgniter\Exceptions\FrameworkException::forInvalidFile('spp/login.php')
#1 C:\xampp\htdocs\koperasi_simpan_pinjam\system\Common.php(1089): CodeIgniter\View\View->render('spp/login', Array, true)
#2 C:\xampp\htdocs\koperasi_simpan_pinjam\app\Controllers\Home.php(41): view('spp/login')
#3 C:\xampp\htdocs\koperasi_simpan_pinjam\system\CodeIgniter.php(832): App\Controllers\Home->index()
#4 C:\xampp\htdocs\koperasi_simpan_pinjam\system\CodeIgniter.php(419): CodeIgniter\CodeIgniter->runController(Object(App\Controllers\Home))
#5 C:\xampp\htdocs\koperasi_simpan_pinjam\system\CodeIgniter.php(326): CodeIgniter\CodeIgniter->handleRequest(NULL, Object(Config\Cache), false)
#6 C:\xampp\htdocs\koperasi_simpan_pinjam\public\index.php(37): CodeIgniter\CodeIgniter->run()
#7 C:\xampp\htdocs\koperasi_simpan_pinjam\system\Commands\Server\rewrite.php(43): require_once('C:\\xampp\\htdocs...')
#8 {main}
ERROR - 2023-10-03 08:48:53 --> Table 'koperasi_simpan_pinjam.guru' doesn't exist
CRITICAL - 2023-10-03 08:48:53 --> Call to a member function getRow() on bool
#0 C:\xampp\htdocs\koperasi_simpan_pinjam\app\Controllers\Home.php(185): App\Models\M_model->detail('guru', 'user', 'guru.id_user_gu...', Array)
#1 C:\xampp\htdocs\koperasi_simpan_pinjam\system\CodeIgniter.php(832): App\Controllers\Home->detail_cooperative_officer('1')
#2 C:\xampp\htdocs\koperasi_simpan_pinjam\system\CodeIgniter.php(419): CodeIgniter\CodeIgniter->runController(Object(App\Controllers\Home))
#3 C:\xampp\htdocs\koperasi_simpan_pinjam\system\CodeIgniter.php(326): CodeIgniter\CodeIgniter->handleRequest(NULL, Object(Config\Cache), false)
#4 C:\xampp\htdocs\koperasi_simpan_pinjam\public\index.php(37): CodeIgniter\CodeIgniter->run()
#5 C:\xampp\htdocs\koperasi_simpan_pinjam\system\Commands\Server\rewrite.php(43): require_once('C:\\xampp\\htdocs...')
#6 {main}
CRITICAL - 2023-10-03 08:49:41 --> Invalid argument supplied for foreach()
#0 C:\xampp\htdocs\koperasi_simpan_pinjam\app\Views\users\petugas_koperasi\detail_petugas_koperasi.php(21): CodeIgniter\Debug\Exceptions->errorHandler(2, 'Invalid argumen...', 'C:\\xampp\\htdocs...', 21, Array)
#1 C:\xampp\htdocs\koperasi_simpan_pinjam\system\View\View.php(210): include('C:\\xampp\\htdocs...')
#2 C:\xampp\htdocs\koperasi_simpan_pinjam\system\View\View.php(213): CodeIgniter\View\View->CodeIgniter\View\{closure}()
#3 C:\xampp\htdocs\koperasi_simpan_pinjam\system\Common.php(1089): CodeIgniter\View\View->render('users/petugas_k...', Array, true)
#4 C:\xampp\htdocs\koperasi_simpan_pinjam\app\Controllers\Home.php(195): view('users/petugas_k...')
#5 C:\xampp\htdocs\koperasi_simpan_pinjam\system\CodeIgniter.php(832): App\Controllers\Home->detail_cooperative_officer(NULL)
#6 C:\xampp\htdocs\koperasi_simpan_pinjam\system\CodeIgniter.php(419): CodeIgniter\CodeIgniter->runController(Object(App\Controllers\Home))
#7 C:\xampp\htdocs\koperasi_simpan_pinjam\system\CodeIgniter.php(326): CodeIgniter\CodeIgniter->handleRequest(NULL, Object(Config\Cache), false)
#8 C:\xampp\htdocs\koperasi_simpan_pinjam\public\index.php(37): CodeIgniter\CodeIgniter->run()
#9 C:\xampp\htdocs\koperasi_simpan_pinjam\system\Commands\Server\rewrite.php(43): require_once('C:\\xampp\\htdocs...')
#10 {main}
CRITICAL - 2023-10-03 10:20:19 --> syntax error, unexpected 'public' (T_PUBLIC)
#0 C:\xampp\htdocs\koperasi_simpan_pinjam\system\Router\Router.php(175): CodeIgniter\Router\Router->autoRoute('home/member')
#1 C:\xampp\htdocs\koperasi_simpan_pinjam\system\CodeIgniter.php(726): CodeIgniter\Router\Router->handle('home/member')
#2 C:\xampp\htdocs\koperasi_simpan_pinjam\system\CodeIgniter.php(368): CodeIgniter\CodeIgniter->tryToRouteIt(Object(CodeIgniter\Router\RouteCollection))
#3 C:\xampp\htdocs\koperasi_simpan_pinjam\system\CodeIgniter.php(326): CodeIgniter\CodeIgniter->handleRequest(NULL, Object(Config\Cache), false)
#4 C:\xampp\htdocs\koperasi_simpan_pinjam\public\index.php(37): CodeIgniter\CodeIgniter->run()
#5 C:\xampp\htdocs\koperasi_simpan_pinjam\system\Commands\Server\rewrite.php(43): require_once('C:\\xampp\\htdocs...')
#6 {main}
CRITICAL - 2023-10-03 10:21:13 --> syntax error, unexpected 'public' (T_PUBLIC)
#0 C:\xampp\htdocs\koperasi_simpan_pinjam\system\Router\Router.php(175): CodeIgniter\Router\Router->autoRoute('home/member')
#1 C:\xampp\htdocs\koperasi_simpan_pinjam\system\CodeIgniter.php(726): CodeIgniter\Router\Router->handle('home/member')
#2 C:\xampp\htdocs\koperasi_simpan_pinjam\system\CodeIgniter.php(368): CodeIgniter\CodeIgniter->tryToRouteIt(Object(CodeIgniter\Router\RouteCollection))
#3 C:\xampp\htdocs\koperasi_simpan_pinjam\system\CodeIgniter.php(326): CodeIgniter\CodeIgniter->handleRequest(NULL, Object(Config\Cache), false)
#4 C:\xampp\htdocs\koperasi_simpan_pinjam\public\index.php(37): CodeIgniter\CodeIgniter->run()
#5 C:\xampp\htdocs\koperasi_simpan_pinjam\system\Commands\Server\rewrite.php(43): require_once('C:\\xampp\\htdocs...')
#6 {main}
CRITICAL - 2023-10-03 20:24:45 --> Argument 2 passed to CodeIgniter\Database\BaseBuilder::like() must be of the type string, null given, called in C:\xampp\htdocs\koperasi_simpan_pinjam\app\Models\M_model.php on line 358
#0 C:\xampp\htdocs\koperasi_simpan_pinjam\app\Models\M_model.php(358): CodeIgniter\Database\BaseBuilder->like('petugas_koperas...', NULL)
#1 C:\xampp\htdocs\koperasi_simpan_pinjam\app\Controllers\Home.php(192): App\Models\M_model->superLike2('petugas_koperas...', 'user', 'petugas_koperas...', 'petugas_koperas...', 'petugas_koperas...', NULL)
#2 C:\xampp\htdocs\koperasi_simpan_pinjam\system\CodeIgniter.php(832): App\Controllers\Home->cooperative_officer_search()
#3 C:\xampp\htdocs\koperasi_simpan_pinjam\system\CodeIgniter.php(419): CodeIgniter\CodeIgniter->runController(Object(App\Controllers\Home))
#4 C:\xampp\htdocs\koperasi_simpan_pinjam\system\CodeIgniter.php(326): CodeIgniter\CodeIgniter->handleRequest(NULL, Object(Config\Cache), false)
#5 C:\xampp\htdocs\koperasi_simpan_pinjam\public\index.php(37): CodeIgniter\CodeIgniter->run()
#6 C:\xampp\htdocs\koperasi_simpan_pinjam\system\Commands\Server\rewrite.php(43): require_once('C:\\xampp\\htdocs...')
#7 {main}
CRITICAL - 2023-10-03 20:24:59 --> Argument 2 passed to CodeIgniter\Database\BaseBuilder::like() must be of the type string, null given, called in C:\xampp\htdocs\koperasi_simpan_pinjam\app\Models\M_model.php on line 358
#0 C:\xampp\htdocs\koperasi_simpan_pinjam\app\Models\M_model.php(358): CodeIgniter\Database\BaseBuilder->like('petugas_koperas...', NULL)
#1 C:\xampp\htdocs\koperasi_simpan_pinjam\app\Controllers\Home.php(192): App\Models\M_model->superLike2('petugas_koperas...', 'user', 'petugas_koperas...', 'petugas_koperas...', 'petugas_koperas...', NULL)
#2 C:\xampp\htdocs\koperasi_simpan_pinjam\system\CodeIgniter.php(832): App\Controllers\Home->cooperative_officer_search()
#3 C:\xampp\htdocs\koperasi_simpan_pinjam\system\CodeIgniter.php(419): CodeIgniter\CodeIgniter->runController(Object(App\Controllers\Home))
#4 C:\xampp\htdocs\koperasi_simpan_pinjam\system\CodeIgniter.php(326): CodeIgniter\CodeIgniter->handleRequest(NULL, Object(Config\Cache), false)
#5 C:\xampp\htdocs\koperasi_simpan_pinjam\public\index.php(37): CodeIgniter\CodeIgniter->run()
#6 C:\xampp\htdocs\koperasi_simpan_pinjam\system\Commands\Server\rewrite.php(43): require_once('C:\\xampp\\htdocs...')
#7 {main}
CRITICAL - 2023-10-03 21:20:43 --> syntax error, unexpected 'public' (T_PUBLIC)
#0 C:\xampp\htdocs\koperasi_simpan_pinjam\system\Router\Router.php(175): CodeIgniter\Router\Router->autoRoute('home/member')
#1 C:\xampp\htdocs\koperasi_simpan_pinjam\system\CodeIgniter.php(726): CodeIgniter\Router\Router->handle('home/member')
#2 C:\xampp\htdocs\koperasi_simpan_pinjam\system\CodeIgniter.php(368): CodeIgniter\CodeIgniter->tryToRouteIt(Object(CodeIgniter\Router\RouteCollection))
#3 C:\xampp\htdocs\koperasi_simpan_pinjam\system\CodeIgniter.php(326): CodeIgniter\CodeIgniter->handleRequest(NULL, Object(Config\Cache), false)
#4 C:\xampp\htdocs\koperasi_simpan_pinjam\public\index.php(37): CodeIgniter\CodeIgniter->run()
#5 C:\xampp\htdocs\koperasi_simpan_pinjam\system\Commands\Server\rewrite.php(43): require_once('C:\\xampp\\htdocs...')
#6 {main}
